{"level":"info","message":"Writing logs to:  ./logs","timestamp":"2016-01-23T21:23:35.466Z"}
{"level":"info","message":"Running at log level 2 === debug","timestamp":"2016-01-23T21:23:35.468Z"}
{"level":"info","message":"Queryingtravelers to move to travelchecking table","timestamp":"2016-01-23T21:23:45.527Z"}
2016-01-23T21:27:09.620Z - info: Writing logs to:  ./logs
2016-01-23T21:27:09.621Z - info: Running at log level 2 === debug
2016-01-23T21:27:19.664Z - info: Queryingtravelers to move to travelchecking table
2016-01-24T14:56:20.143Z - info: Writing logs to:  ./logs
2016-01-24T14:56:20.144Z - info: Running at log level 2 === debug
2016-01-24T14:56:30.198Z - info: Queryingtravelers to move to travelchecking table
2016-01-24T14:56:40.212Z - info: Queryingtravelers to move to travelchecking table
2016-01-24T14:56:50.219Z - info: Queryingtravelers to move to travelchecking table
2016-01-24T14:57:00.226Z - info: Queryingtravelers to move to travelchecking table
2016-01-24T14:57:10.228Z - info: Queryingtravelers to move to travelchecking table
2016-01-24T14:57:20.232Z - info: Queryingtravelers to move to travelchecking table
2016-01-24T14:57:30.236Z - info: Queryingtravelers to move to travelchecking table
2016-01-24T14:57:40.242Z - info: Queryingtravelers to move to travelchecking table
2016-01-24T14:57:50.244Z - info: Queryingtravelers to move to travelchecking table
2016-01-24T14:58:22.735Z - info: Writing logs to:  ./logs
2016-01-24T14:58:22.736Z - info: Running at log level 2 === debug
2016-01-24T14:58:50.027Z - info: Writing logs to:  ./logs
2016-01-24T14:58:50.027Z - info: Running at log level 2 === debug
2016-01-24T14:59:00.088Z - info: Queryingtravelers to move to travelchecking table
2016-01-24T14:59:10.091Z - info: Queryingtravelers to move to travelchecking table
2016-01-24T14:59:20.095Z - info: Queryingtravelers to move to travelchecking table
2016-01-24T14:59:30.100Z - info: Queryingtravelers to move to travelchecking table
2016-01-24T14:59:40.105Z - info: Queryingtravelers to move to travelchecking table
2016-01-24T14:59:50.111Z - info: Queryingtravelers to move to travelchecking table
2016-01-24T15:00:00.119Z - info: Queryingtravelers to move to travelchecking table
2016-01-24T15:00:10.210Z - info: Writing logs to:  ./logs
2016-01-24T15:00:10.211Z - info: Running at log level 2 === debug
2016-01-24T15:00:50.976Z - info: Queryingtravelers to move to travelchecking table
2016-01-24T15:02:33.513Z - info: Writing logs to:  ./logs
2016-01-24T15:02:33.514Z - info: Running at log level 2 === debug
2016-01-24T15:02:43.574Z - info: Queryingtravelers to move to travelchecking table
2016-01-24T15:02:53.581Z - info: Queryingtravelers to move to travelchecking table
2016-01-24T15:03:03.586Z - info: Queryingtravelers to move to travelchecking table
2016-01-24T15:03:13.592Z - info: Queryingtravelers to move to travelchecking table
2016-01-24T15:03:23.597Z - info: Queryingtravelers to move to travelchecking table
2016-01-24T15:03:59.056Z - info: Writing logs to:  ./logs
2016-01-24T15:03:59.057Z - info: Running at log level 2 === debug
2016-01-24T15:04:09.110Z - info: Queryingtravelers to move to travelchecking table
2016-01-24T15:04:19.116Z - info: Queryingtravelers to move to travelchecking table
2016-01-24T15:04:29.121Z - info: Queryingtravelers to move to travelchecking table
2016-01-24T15:04:39.126Z - info: Queryingtravelers to move to travelchecking table
2016-01-24T15:04:49.132Z - info: Queryingtravelers to move to travelchecking table
2016-01-24T15:04:59.137Z - info: Queryingtravelers to move to travelchecking table
2016-01-24T15:05:09.142Z - info: Queryingtravelers to move to travelchecking table
2016-01-24T15:05:19.148Z - info: Queryingtravelers to move to travelchecking table
2016-01-24T15:05:29.153Z - info: Queryingtravelers to move to travelchecking table
2016-01-24T15:05:39.155Z - info: Queryingtravelers to move to travelchecking table
2016-01-24T15:05:49.157Z - info: Queryingtravelers to move to travelchecking table
2016-01-24T15:05:59.160Z - info: Queryingtravelers to move to travelchecking table
2016-01-24T15:06:09.165Z - info: Queryingtravelers to move to travelchecking table
2016-01-24T15:06:19.168Z - info: Queryingtravelers to move to travelchecking table
2016-01-24T15:06:29.173Z - info: Queryingtravelers to move to travelchecking table
2016-01-24T15:06:39.175Z - info: Queryingtravelers to move to travelchecking table
2016-01-24T15:06:49.181Z - info: Queryingtravelers to move to travelchecking table
2016-01-24T15:06:59.186Z - info: Queryingtravelers to move to travelchecking table
2016-01-24T15:07:09.191Z - info: Queryingtravelers to move to travelchecking table
2016-01-24T15:07:19.492Z - info: Queryingtravelers to move to travelchecking table
2016-01-24T15:07:29.496Z - info: Queryingtravelers to move to travelchecking table
2016-01-24T15:07:39.504Z - info: Queryingtravelers to move to travelchecking table
2016-01-24T15:07:49.510Z - info: Queryingtravelers to move to travelchecking table
2016-01-24T15:07:59.512Z - info: Queryingtravelers to move to travelchecking table
2016-01-24T15:08:09.517Z - info: Queryingtravelers to move to travelchecking table
2016-01-24T15:08:19.522Z - info: Queryingtravelers to move to travelchecking table
2016-01-24T15:08:29.529Z - info: Queryingtravelers to move to travelchecking table
2016-01-24T15:08:39.531Z - info: Queryingtravelers to move to travelchecking table
2016-01-24T15:08:49.533Z - info: Queryingtravelers to move to travelchecking table
2016-01-24T15:08:59.538Z - info: Queryingtravelers to move to travelchecking table
2016-01-24T15:09:09.545Z - info: Queryingtravelers to move to travelchecking table
2016-01-24T15:09:19.549Z - info: Queryingtravelers to move to travelchecking table
2016-01-24T15:09:29.555Z - info: Queryingtravelers to move to travelchecking table
2016-01-24T15:09:39.559Z - info: Queryingtravelers to move to travelchecking table
2016-01-24T15:09:49.563Z - info: Queryingtravelers to move to travelchecking table
2016-01-24T15:09:59.568Z - info: Queryingtravelers to move to travelchecking table
2016-01-24T15:10:09.569Z - info: Queryingtravelers to move to travelchecking table
2016-01-24T15:10:19.575Z - info: Queryingtravelers to move to travelchecking table
2016-01-24T15:10:29.581Z - info: Queryingtravelers to move to travelchecking table
2016-01-24T15:10:39.583Z - info: Queryingtravelers to move to travelchecking table
2016-01-24T15:10:49.584Z - info: Queryingtravelers to move to travelchecking table
2016-01-24T15:10:59.586Z - info: Queryingtravelers to move to travelchecking table
2016-01-24T15:11:09.588Z - info: Queryingtravelers to move to travelchecking table
2016-01-24T15:11:19.593Z - info: Queryingtravelers to move to travelchecking table
2016-01-24T15:11:29.598Z - info: Queryingtravelers to move to travelchecking table
2016-01-24T15:11:39.601Z - info: Queryingtravelers to move to travelchecking table
2016-01-24T15:11:49.604Z - info: Queryingtravelers to move to travelchecking table
2016-01-24T15:11:59.610Z - info: Queryingtravelers to move to travelchecking table
2016-01-24T15:12:09.612Z - info: Queryingtravelers to move to travelchecking table
2016-01-24T15:12:19.617Z - info: Queryingtravelers to move to travelchecking table
2016-01-24T15:12:29.621Z - info: Queryingtravelers to move to travelchecking table
